ERROR - 2022-10-28 06:19:38 --> mysqli_sql_exception: Table 'bitnami_myapp.codesnippets' doesn't exist in /app/myapp/system/Database/MySQLi/Connection.php:292
Stack trace:
#0 /app/myapp/system/Database/MySQLi/Connection.php(292): mysqli->query()
#1 /app/myapp/system/Database/BaseConnection.php(693): CodeIgniter\Database\MySQLi\Connection->execute()
#2 /app/myapp/system/Database/BaseConnection.php(620): CodeIgniter\Database\BaseConnection->simpleQuery()
#3 /app/myapp/system/Database/BaseBuilder.php(1916): CodeIgniter\Database\BaseConnection->query()
#4 /app/myapp/system/Model.php(279): CodeIgniter\Database\BaseBuilder->insert()
#5 /app/myapp/system/BaseModel.php(748): CodeIgniter\Model->doInsert()
#6 /app/myapp/system/Model.php(667): CodeIgniter\BaseModel->insert()
#7 /app/myapp/app/Controllers/CodeSnippets.php(43): CodeIgniter\Model->insert()
#8 /app/myapp/system/CodeIgniter.php(902): App\Controllers\CodeSnippets->create()
#9 /app/myapp/system/CodeIgniter.php(457): CodeIgniter\CodeIgniter->runController()
#10 /app/myapp/system/CodeIgniter.php(340): CodeIgniter\CodeIgniter->handleRequest()
#11 /app/myapp/public/index.php(67): CodeIgniter\CodeIgniter->run()
#12 {main}
CRITICAL - 2022-10-28 06:19:38 --> Table 'bitnami_myapp.codesnippets' doesn't exist
in SYSTEMPATH/Database/MySQLi/Connection.php on line 292.
 1 SYSTEMPATH/Database/MySQLi/Connection.php(292): mysqli->query()
 2 SYSTEMPATH/Database/BaseConnection.php(693): CodeIgniter\Database\MySQLi\Connection->execute()
 3 SYSTEMPATH/Database/BaseConnection.php(620): CodeIgniter\Database\BaseConnection->simpleQuery()
 4 SYSTEMPATH/Database/BaseBuilder.php(1916): CodeIgniter\Database\BaseConnection->query()
 5 SYSTEMPATH/Model.php(279): CodeIgniter\Database\BaseBuilder->insert()
 6 SYSTEMPATH/BaseModel.php(748): CodeIgniter\Model->doInsert()
 7 SYSTEMPATH/Model.php(667): CodeIgniter\BaseModel->insert()
 8 APPPATH/Controllers/CodeSnippets.php(43): CodeIgniter\Model->insert()
 9 SYSTEMPATH/CodeIgniter.php(902): App\Controllers\CodeSnippets->create()
10 SYSTEMPATH/CodeIgniter.php(457): CodeIgniter\CodeIgniter->runController()
11 SYSTEMPATH/CodeIgniter.php(340): CodeIgniter\CodeIgniter->handleRequest()
12 FCPATH/index.php(67): CodeIgniter\CodeIgniter->run()
ERROR - 2022-10-28 06:38:55 --> mysqli_sql_exception: Table 'bitnami_myapp.codesnippets' doesn't exist in /app/myapp/system/Database/MySQLi/Connection.php:292
Stack trace:
#0 /app/myapp/system/Database/MySQLi/Connection.php(292): mysqli->query()
#1 /app/myapp/system/Database/BaseConnection.php(693): CodeIgniter\Database\MySQLi\Connection->execute()
#2 /app/myapp/system/Database/BaseConnection.php(620): CodeIgniter\Database\BaseConnection->simpleQuery()
#3 /app/myapp/system/Database/BaseBuilder.php(1585): CodeIgniter\Database\BaseConnection->query()
#4 /app/myapp/system/Model.php(223): CodeIgniter\Database\BaseBuilder->get()
#5 /app/myapp/system/BaseModel.php(584): CodeIgniter\Model->doFindAll()
#6 /app/myapp/app/Controllers/CodeSnippets.php(18): CodeIgniter\BaseModel->findAll()
#7 /app/myapp/system/CodeIgniter.php(902): App\Controllers\CodeSnippets->index()
#8 /app/myapp/system/CodeIgniter.php(457): CodeIgniter\CodeIgniter->runController()
#9 /app/myapp/system/CodeIgniter.php(340): CodeIgniter\CodeIgniter->handleRequest()
#10 /app/myapp/public/index.php(67): CodeIgniter\CodeIgniter->run()
#11 {main}
CRITICAL - 2022-10-28 06:38:55 --> Table 'bitnami_myapp.codesnippets' doesn't exist
in SYSTEMPATH/Database/MySQLi/Connection.php on line 292.
 1 SYSTEMPATH/Database/MySQLi/Connection.php(292): mysqli->query()
 2 SYSTEMPATH/Database/BaseConnection.php(693): CodeIgniter\Database\MySQLi\Connection->execute()
 3 SYSTEMPATH/Database/BaseConnection.php(620): CodeIgniter\Database\BaseConnection->simpleQuery()
 4 SYSTEMPATH/Database/BaseBuilder.php(1585): CodeIgniter\Database\BaseConnection->query()
 5 SYSTEMPATH/Model.php(223): CodeIgniter\Database\BaseBuilder->get()
 6 SYSTEMPATH/BaseModel.php(584): CodeIgniter\Model->doFindAll()
 7 APPPATH/Controllers/CodeSnippets.php(18): CodeIgniter\BaseModel->findAll()
 8 SYSTEMPATH/CodeIgniter.php(902): App\Controllers\CodeSnippets->index()
 9 SYSTEMPATH/CodeIgniter.php(457): CodeIgniter\CodeIgniter->runController()
10 SYSTEMPATH/CodeIgniter.php(340): CodeIgniter\CodeIgniter->handleRequest()
11 FCPATH/index.php(67): CodeIgniter\CodeIgniter->run()
CRITICAL - 2022-10-28 08:46:26 --> Non-static method CodeIgniter\BaseModel::findAll() cannot be called statically
in APPPATH/Controllers/CodeSnippets.php on line 18.
 1 SYSTEMPATH/CodeIgniter.php(902): App\Controllers\CodeSnippets->index()
 2 SYSTEMPATH/CodeIgniter.php(457): CodeIgniter\CodeIgniter->runController()
 3 SYSTEMPATH/CodeIgniter.php(340): CodeIgniter\CodeIgniter->handleRequest()
 4 FCPATH/index.php(67): CodeIgniter\CodeIgniter->run()
CRITICAL - 2022-10-28 08:46:46 --> Non-static method CodeIgniter\BaseModel::findAll() cannot be called statically
in APPPATH/Controllers/CodeSnippets.php on line 18.
 1 SYSTEMPATH/CodeIgniter.php(902): App\Controllers\CodeSnippets->index()
 2 SYSTEMPATH/CodeIgniter.php(457): CodeIgniter\CodeIgniter->runController()
 3 SYSTEMPATH/CodeIgniter.php(340): CodeIgniter\CodeIgniter->handleRequest()
 4 FCPATH/index.php(67): CodeIgniter\CodeIgniter->run()
CRITICAL - 2022-10-28 08:47:28 --> Undefined constant "App\Controllers\CodeSnippetModel"
in APPPATH/Controllers/CodeSnippets.php on line 18.
 1 SYSTEMPATH/CodeIgniter.php(902): App\Controllers\CodeSnippets->index()
 2 SYSTEMPATH/CodeIgniter.php(457): CodeIgniter\CodeIgniter->runController()
 3 SYSTEMPATH/CodeIgniter.php(340): CodeIgniter\CodeIgniter->handleRequest()
 4 FCPATH/index.php(67): CodeIgniter\CodeIgniter->run()
CRITICAL - 2022-10-28 10:16:04 --> Declaration of App\Controllers\CodeSnippets::delete($id) must be compatible with CodeIgniter\RESTful\ResourceController::delete($id = null)
in APPPATH/Controllers/CodeSnippets.php on line 53.
 1 [internal function]: CodeIgniter\Debug\Exceptions->shutdownHandler()
CRITICAL - 2022-10-28 10:18:23 --> Declaration of App\Controllers\CodeSnippets::delete($id) must be compatible with CodeIgniter\RESTful\ResourceController::delete($id = null)
in APPPATH/Controllers/CodeSnippets.php on line 53.
 1 [internal function]: CodeIgniter\Debug\Exceptions->shutdownHandler()
